Flow report for ceg3155lab1
Wed Oct 02 21:35:07 2024
Quartus II 64-Bit Version 13.1.0 Build 162 10/23/2013 SJ Web Edition


---------------------
; Table of Contents ;
---------------------
  1. Legal Notice
  2. Flow Summary
  3. Flow Settings
  4. Flow Non-Default Global Settings
  5. Flow Elapsed Time
  6. Flow OS Summary
  7. Flow Log
  8. Flow Messages
  9. Flow Suppressed Messages



----------------
; Legal Notice ;
----------------
Copyright (C) 1991-2013 Altera Corporation
Your use of Altera Corporation's design tools, logic functions 
and other software and tools, and its AMPP partner logic 
functions, and any output files from any of the foregoing 
(including device programming or simulation files), and any 
associated documentation or information are expressly subject 
to the terms and conditions of the Altera Program License 
Subscription Agreement, Altera MegaCore Function License 
Agreement, or other applicable license agreement, including, 
without limitation, that your use is for the sole purpose of 
programming logic devices manufactured by Altera and sold by 
Altera or its authorized distributors.  Please refer to the 
applicable agreement for further details.



+---------------------------------------------------------------------------------+
; Flow Summary                                                                    ;
+------------------------------------+--------------------------------------------+
; Flow Status                        ; Successful - Wed Oct 02 21:35:07 2024      ;
; Quartus II 64-Bit Version          ; 13.1.0 Build 162 10/23/2013 SJ Web Edition ;
; Revision Name                      ; ceg3155lab1                                ;
; Top-level Entity Name              ; eight_bit_reg_shift_l                      ;
; Family                             ; Cyclone IV E                               ;
; Device                             ; EP4CE115F29C7                              ;
; Timing Models                      ; Final                                      ;
; Total logic elements               ; 8 / 114,480 ( < 1 % )                      ;
;     Total combinational functions  ; 8 / 114,480 ( < 1 % )                      ;
;     Dedicated logic registers      ; 0 / 114,480 ( 0 % )                        ;
; Total registers                    ; 0                                          ;
; Total pins                         ; 19 / 529 ( 4 % )                           ;
; Total virtual pins                 ; 0                                          ;
; Total memory bits                  ; 0 / 3,981,312 ( 0 % )                      ;
; Embedded Multiplier 9-bit elements ; 0 / 532 ( 0 % )                            ;
; Total PLLs                         ; 0 / 4 ( 0 % )                              ;
+------------------------------------+--------------------------------------------+


+-----------------------------------------+
; Flow Settings                           ;
+-------------------+---------------------+
; Option            ; Setting             ;
+-------------------+---------------------+
; Start date & time ; 10/02/2024 21:33:30 ;
; Main task         ; Compilation         ;
; Revision Name     ; ceg3155lab1         ;
+-------------------+---------------------+


+------------------------------------------------------------------------------------------------------------------------------------------------------------------------------------+
; Flow Non-Default Global Settings                                                                                                                                                   ;
+-------------------------------------+-------------------------------------------------------------------------------------+---------------+-----------------------+----------------+
; Assignment Name                     ; Value                                                                               ; Default Value ; Entity Name           ; Section Id     ;
+-------------------------------------+-------------------------------------------------------------------------------------+---------------+-----------------------+----------------+
; COMPILER_SIGNATURE_ID               ; 215519986756936.172791921025524                                                     ; --            ; --                    ; --             ;
; EDA_GENERATE_FUNCTIONAL_NETLIST     ; On                                                                                  ; --            ; --                    ; eda_simulation ;
; EDA_NETLIST_WRITER_OUTPUT_DIR       ; C:/Users/togoo/Desktop/School/Classes/CEG3155/Lab_1/CEG-3155-LAB-1/simulation/qsim/ ; --            ; --                    ; eda_simulation ;
; EDA_OUTPUT_DATA_FORMAT              ; Verilog Hdl                                                                         ; --            ; --                    ; eda_simulation ;
; EDA_SIMULATION_TOOL                 ; ModelSim-Altera (Verilog)                                                           ; <None>        ; --                    ; --             ;
; EDA_TIME_SCALE                      ; 1 ps                                                                                ; --            ; --                    ; eda_simulation ;
; MAX_CORE_JUNCTION_TEMP              ; 85                                                                                  ; --            ; --                    ; --             ;
; MIN_CORE_JUNCTION_TEMP              ; 0                                                                                   ; --            ; --                    ; --             ;
; NOMINAL_CORE_SUPPLY_VOLTAGE         ; 1.2V                                                                                ; --            ; --                    ; --             ;
; PARTITION_COLOR                     ; 16764057                                                                            ; --            ; eight_bit_reg_shift_l ; Top            ;
; PARTITION_FITTER_PRESERVATION_LEVEL ; PLACEMENT_AND_ROUTING                                                               ; --            ; eight_bit_reg_shift_l ; Top            ;
; PARTITION_NETLIST_TYPE              ; SOURCE                                                                              ; --            ; eight_bit_reg_shift_l ; Top            ;
; POWER_BOARD_THERMAL_MODEL           ; None (CONSERVATIVE)                                                                 ; --            ; --                    ; --             ;
; POWER_PRESET_COOLING_SOLUTION       ; 23 MM HEAT SINK WITH 200 LFPM AIRFLOW                                               ; --            ; --                    ; --             ;
; PROJECT_OUTPUT_DIRECTORY            ; output_files                                                                        ; --            ; --                    ; --             ;
; TOP_LEVEL_ENTITY                    ; eight_bit_reg_shift_l                                                               ; ceg3155lab1   ; --                    ; --             ;
+-------------------------------------+-------------------------------------------------------------------------------------+---------------+-----------------------+----------------+


+-------------------------------------------------------------------------------------------------------------------------------+
; Flow Elapsed Time                                                                                                             ;
+---------------------------+--------------+-------------------------+---------------------+------------------------------------+
; Module Name               ; Elapsed Time ; Average Processors Used ; Peak Virtual Memory ; Total CPU Time (on all processors) ;
+---------------------------+--------------+-------------------------+---------------------+------------------------------------+
; Analysis & Synthesis      ; 00:00:02     ; 1.0                     ; 4692 MB             ; 00:00:01                           ;
; Fitter                    ; 00:00:14     ; 2.9                     ; 6214 MB             ; 00:00:12                           ;
; Assembler                 ; 00:00:05     ; 1.0                     ; 4603 MB             ; 00:00:03                           ;
; TimeQuest Timing Analyzer ; 00:00:02     ; 1.0                     ; 4826 MB             ; 00:00:01                           ;
; EDA Netlist Writer        ; 00:00:01     ; 1.0                     ; 4564 MB             ; 00:00:00                           ;
; EDA Netlist Writer        ; 00:00:00     ; 1.0                     ; 4573 MB             ; 00:00:00                           ;
; EDA Netlist Writer        ; 00:00:00     ; 1.0                     ; 4573 MB             ; 00:00:00                           ;
; Total                     ; 00:00:24     ; --                      ; --                  ; 00:00:17                           ;
+---------------------------+--------------+-------------------------+---------------------+------------------------------------+


+----------------------------------------------------------------------------------------+
; Flow OS Summary                                                                        ;
+---------------------------+------------------+-----------+------------+----------------+
; Module Name               ; Machine Hostname ; OS Name   ; OS Version ; Processor type ;
+---------------------------+------------------+-----------+------------+----------------+
; Analysis & Synthesis      ; Esads_Shitbox    ; Windows 7 ; 6.2        ; x86_64         ;
; Fitter                    ; Esads_Shitbox    ; Windows 7 ; 6.2        ; x86_64         ;
; Assembler                 ; Esads_Shitbox    ; Windows 7 ; 6.2        ; x86_64         ;
; TimeQuest Timing Analyzer ; Esads_Shitbox    ; Windows 7 ; 6.2        ; x86_64         ;
; EDA Netlist Writer        ; Esads_Shitbox    ; Windows 7 ; 6.2        ; x86_64         ;
; EDA Netlist Writer        ; Esads_Shitbox    ; Windows 7 ; 6.2        ; x86_64         ;
; EDA Netlist Writer        ; Esads_Shitbox    ; Windows 7 ; 6.2        ; x86_64         ;
+---------------------------+------------------+-----------+------------+----------------+


------------
; Flow Log ;
------------
quartus_map --read_settings_files=on --write_settings_files=off ceg3155lab1 -c ceg3155lab1
quartus_fit --read_settings_files=off --write_settings_files=off ceg3155lab1 -c ceg3155lab1
quartus_asm --read_settings_files=off --write_settings_files=off ceg3155lab1 -c ceg3155lab1
quartus_sta ceg3155lab1 -c ceg3155lab1
quartus_eda --read_settings_files=off --write_settings_files=off ceg3155lab1 -c ceg3155lab1
quartus_eda --gen_testbench --check_outputs=on --tool=modelsim_oem --format=verilog ceg3155lab1 -c ceg3155lab1 --vector_source=C:/Users/togoo/Desktop/School/Classes/CEG3155/Lab_1/CEG-3155-LAB-1/Waveform4.vwf --testbench_file=C:/Users/togoo/Desktop/School/Classes/CEG3155/Lab_1/CEG-3155-LAB-1/simulation/qsim/Waveform4.vwf.vt
quartus_eda --functional=on --flatten_buses=off --simulation=on --tool=modelsim_oem --format=verilog --output_directory=C:/Users/togoo/Desktop/School/Classes/CEG3155/Lab_1/CEG-3155-LAB-1/simulation/qsim/ ceg3155lab1 -c ceg3155lab1



