Analysis & Synthesis report for ceg3155lab1
Wed Oct 02 21:33:31 2024
Quartus II 64-Bit Version 13.1.0 Build 162 10/23/2013 SJ Web Edition


---------------------
; Table of Contents ;
---------------------
  1. Legal Notice
  2. Analysis & Synthesis Summary
  3. Analysis & Synthesis Settings
  4. Parallel Compilation
  5. Analysis & Synthesis Source Files Read
  6. Analysis & Synthesis Resource Usage Summary
  7. Analysis & Synthesis Resource Utilization by Entity
  8. Logic Cells Representing Combinational Loops
  9. General Register Statistics
 10. Port Connectivity Checks: "D_FF:\loop0:6:Un"
 11. Port Connectivity Checks: "D_FF:\loop0:5:Un"
 12. Port Connectivity Checks: "D_FF:\loop0:4:Un"
 13. Port Connectivity Checks: "D_FF:\loop0:3:Un"
 14. Port Connectivity Checks: "D_FF:\loop0:2:Un"
 15. Port Connectivity Checks: "D_FF:\loop0:1:Un"
 16. Port Connectivity Checks: "D_FF:\loop0:0:Un"
 17. Port Connectivity Checks: "D_FF:U7"
 18. Elapsed Time Per Partition
 19. Analysis & Synthesis Messages



----------------
; Legal Notice ;
----------------
Copyright (C) 1991-2013 Altera Corporation
Your use of Altera Corporation's design tools, logic functions 
and other software and tools, and its AMPP partner logic 
functions, and any output files from any of the foregoing 
(including device programming or simulation files), and any 
associated documentation or information are expressly subject 
to the terms and conditions of the Altera Program License 
Subscription Agreement, Altera MegaCore Function License 
Agreement, or other applicable license agreement, including, 
without limitation, that your use is for the sole purpose of 
programming logic devices manufactured by Altera and sold by 
Altera or its authorized distributors.  Please refer to the 
applicable agreement for further details.



+---------------------------------------------------------------------------------+
; Analysis & Synthesis Summary                                                    ;
+------------------------------------+--------------------------------------------+
; Analysis & Synthesis Status        ; Successful - Wed Oct 02 21:33:31 2024      ;
; Quartus II 64-Bit Version          ; 13.1.0 Build 162 10/23/2013 SJ Web Edition ;
; Revision Name                      ; ceg3155lab1                                ;
; Top-level Entity Name              ; eight_bit_reg_shift_l                      ;
; Family                             ; Cyclone IV E                               ;
; Total logic elements               ; 8                                          ;
;     Total combinational functions  ; 8                                          ;
;     Dedicated logic registers      ; 0                                          ;
; Total registers                    ; 0                                          ;
; Total pins                         ; 19                                         ;
; Total virtual pins                 ; 0                                          ;
; Total memory bits                  ; 0                                          ;
; Embedded Multiplier 9-bit elements ; 0                                          ;
; Total PLLs                         ; 0                                          ;
+------------------------------------+--------------------------------------------+


+-------------------------------------------------------------------------------------------------------------------------+
; Analysis & Synthesis Settings                                                                                           ;
+----------------------------------------------------------------------------+-----------------------+--------------------+
; Option                                                                     ; Setting               ; Default Value      ;
+----------------------------------------------------------------------------+-----------------------+--------------------+
; Device                                                                     ; EP4CE115F29C7         ;                    ;
; Top-level entity name                                                      ; eight_bit_reg_shift_l ; ceg3155lab1        ;
; Family name                                                                ; Cyclone IV E          ; Cyclone IV GX      ;
; Use smart compilation                                                      ; Off                   ; Off                ;
; Enable parallel Assembler and TimeQuest Timing Analyzer during compilation ; On                    ; On                 ;
; Enable compact report table                                                ; Off                   ; Off                ;
; Restructure Multiplexers                                                   ; Auto                  ; Auto               ;
; Create Debugging Nodes for IP Cores                                        ; Off                   ; Off                ;
; Preserve fewer node names                                                  ; On                    ; On                 ;
; Disable OpenCore Plus hardware evaluation                                  ; Off                   ; Off                ;
; Verilog Version                                                            ; Verilog_2001          ; Verilog_2001       ;
; VHDL Version                                                               ; VHDL_1993             ; VHDL_1993          ;
; State Machine Processing                                                   ; Auto                  ; Auto               ;
; Safe State Machine                                                         ; Off                   ; Off                ;
; Extract Verilog State Machines                                             ; On                    ; On                 ;
; Extract VHDL State Machines                                                ; On                    ; On                 ;
; Ignore Verilog initial constructs                                          ; Off                   ; Off                ;
; Iteration limit for constant Verilog loops                                 ; 5000                  ; 5000               ;
; Iteration limit for non-constant Verilog loops                             ; 250                   ; 250                ;
; Add Pass-Through Logic to Inferred RAMs                                    ; On                    ; On                 ;
; Infer RAMs from Raw Logic                                                  ; On                    ; On                 ;
; Parallel Synthesis                                                         ; On                    ; On                 ;
; DSP Block Balancing                                                        ; Auto                  ; Auto               ;
; NOT Gate Push-Back                                                         ; On                    ; On                 ;
; Power-Up Don't Care                                                        ; On                    ; On                 ;
; Remove Redundant Logic Cells                                               ; Off                   ; Off                ;
; Remove Duplicate Registers                                                 ; On                    ; On                 ;
; Ignore CARRY Buffers                                                       ; Off                   ; Off                ;
; Ignore CASCADE Buffers                                                     ; Off                   ; Off                ;
; Ignore GLOBAL Buffers                                                      ; Off                   ; Off                ;
; Ignore ROW GLOBAL Buffers                                                  ; Off                   ; Off                ;
; Ignore LCELL Buffers                                                       ; Off                   ; Off                ;
; Ignore SOFT Buffers                                                        ; On                    ; On                 ;
; Limit AHDL Integers to 32 Bits                                             ; Off                   ; Off                ;
; Optimization Technique                                                     ; Balanced              ; Balanced           ;
; Carry Chain Length                                                         ; 70                    ; 70                 ;
; Auto Carry Chains                                                          ; On                    ; On                 ;
; Auto Open-Drain Pins                                                       ; On                    ; On                 ;
; Perform WYSIWYG Primitive Resynthesis                                      ; Off                   ; Off                ;
; Auto ROM Replacement                                                       ; On                    ; On                 ;
; Auto RAM Replacement                                                       ; On                    ; On                 ;
; Auto DSP Block Replacement                                                 ; On                    ; On                 ;
; Auto Shift Register Replacement                                            ; Auto                  ; Auto               ;
; Allow Shift Register Merging across Hierarchies                            ; Auto                  ; Auto               ;
; Auto Clock Enable Replacement                                              ; On                    ; On                 ;
; Strict RAM Replacement                                                     ; Off                   ; Off                ;
; Allow Synchronous Control Signals                                          ; On                    ; On                 ;
; Force Use of Synchronous Clear Signals                                     ; Off                   ; Off                ;
; Auto RAM Block Balancing                                                   ; On                    ; On                 ;
; Auto RAM to Logic Cell Conversion                                          ; Off                   ; Off                ;
; Auto Resource Sharing                                                      ; Off                   ; Off                ;
; Allow Any RAM Size For Recognition                                         ; Off                   ; Off                ;
; Allow Any ROM Size For Recognition                                         ; Off                   ; Off                ;
; Allow Any Shift Register Size For Recognition                              ; Off                   ; Off                ;
; Use LogicLock Constraints during Resource Balancing                        ; On                    ; On                 ;
; Ignore translate_off and synthesis_off directives                          ; Off                   ; Off                ;
; Timing-Driven Synthesis                                                    ; On                    ; On                 ;
; Report Parameter Settings                                                  ; On                    ; On                 ;
; Report Source Assignments                                                  ; On                    ; On                 ;
; Report Connectivity Checks                                                 ; On                    ; On                 ;
; Ignore Maximum Fan-Out Assignments                                         ; Off                   ; Off                ;
; Synchronization Register Chain Length                                      ; 2                     ; 2                  ;
; PowerPlay Power Optimization                                               ; Normal compilation    ; Normal compilation ;
; HDL message level                                                          ; Level2                ; Level2             ;
; Suppress Register Optimization Related Messages                            ; Off                   ; Off                ;
; Number of Removed Registers Reported in Synthesis Report                   ; 5000                  ; 5000               ;
; Number of Swept Nodes Reported in Synthesis Report                         ; 5000                  ; 5000               ;
; Number of Inverted Registers Reported in Synthesis Report                  ; 100                   ; 100                ;
; Clock MUX Protection                                                       ; On                    ; On                 ;
; Auto Gated Clock Conversion                                                ; Off                   ; Off                ;
; Block Design Naming                                                        ; Auto                  ; Auto               ;
; SDC constraint protection                                                  ; Off                   ; Off                ;
; Synthesis Effort                                                           ; Auto                  ; Auto               ;
; Shift Register Replacement - Allow Asynchronous Clear Signal               ; On                    ; On                 ;
; Pre-Mapping Resynthesis Optimization                                       ; Off                   ; Off                ;
; Analysis & Synthesis Message Level                                         ; Medium                ; Medium             ;
; Disable Register Merging Across Hierarchies                                ; Auto                  ; Auto               ;
; Resource Aware Inference For Block RAM                                     ; On                    ; On                 ;
; Synthesis Seed                                                             ; 1                     ; 1                  ;
+----------------------------------------------------------------------------+-----------------------+--------------------+


+------------------------------------------+
; Parallel Compilation                     ;
+----------------------------+-------------+
; Processors                 ; Number      ;
+----------------------------+-------------+
; Number detected on machine ; 20          ;
; Maximum allowed            ; 14          ;
;                            ;             ;
; Average used               ; 1.00        ;
; Maximum used               ; 1           ;
;                            ;             ;
; Usage by Processor         ; % Time Used ;
;     Processor 1            ; 100.0%      ;
;     Processors 2-20        ;   0.0%      ;
+----------------------------+-------------+


+-------------------------------------------------------------------------------------------------------------------------------------------------------------------------------+
; Analysis & Synthesis Source Files Read                                                                                                                                        ;
+----------------------------------+-----------------+-----------------+----------------------------------------------------------------------------------------------+---------+
; File Name with User-Entered Path ; Used in Netlist ; File Type       ; File Name with Absolute Path                                                                 ; Library ;
+----------------------------------+-----------------+-----------------+----------------------------------------------------------------------------------------------+---------+
; eight_bit_reg_shift_l.vhd        ; yes             ; User VHDL File  ; C:/Users/togoo/Desktop/School/Classes/CEG3155/Lab_1/CEG-3155-LAB-1/eight_bit_reg_shift_l.vhd ;         ;
; srlatch.vhd                      ; yes             ; User VHDL File  ; C:/Users/togoo/Desktop/School/Classes/CEG3155/Lab_1/CEG-3155-LAB-1/srlatch.vhd               ;         ;
; D_FF.vhd                         ; yes             ; User VHDL File  ; C:/Users/togoo/Desktop/School/Classes/CEG3155/Lab_1/CEG-3155-LAB-1/D_FF.vhd                  ;         ;
+----------------------------------+-----------------+-----------------+----------------------------------------------------------------------------------------------+---------+


+---------------------------------------------------------+
; Analysis & Synthesis Resource Usage Summary             ;
+---------------------------------------------+-----------+
; Resource                                    ; Usage     ;
+---------------------------------------------+-----------+
; Estimated Total logic elements              ; 8         ;
;                                             ;           ;
; Total combinational functions               ; 8         ;
; Logic element usage by number of LUT inputs ;           ;
;     -- 4 input functions                    ; 8         ;
;     -- 3 input functions                    ; 0         ;
;     -- <=2 input functions                  ; 0         ;
;                                             ;           ;
; Logic elements by mode                      ;           ;
;     -- normal mode                          ; 8         ;
;     -- arithmetic mode                      ; 0         ;
;                                             ;           ;
; Total registers                             ; 0         ;
;     -- Dedicated logic registers            ; 0         ;
;     -- I/O registers                        ; 0         ;
;                                             ;           ;
; I/O pins                                    ; 19        ;
; Embedded Multiplier 9-bit elements          ; 0         ;
; Maximum fan-out node                        ; CLK~input ;
; Maximum fan-out                             ; 8         ;
; Total fan-out                               ; 59        ;
; Average fan-out                             ; 1.28      ;
+---------------------------------------------+-----------+


+------------------------------------------------------------------------------------------------------------------------------------------------------------------------------------------------------------+
; Analysis & Synthesis Resource Utilization by Entity                                                                                                                                                        ;
+----------------------------+-------------------+--------------+-------------+--------------+---------+-----------+------+--------------+----------------------------------------------------+--------------+
; Compilation Hierarchy Node ; LC Combinationals ; LC Registers ; Memory Bits ; DSP Elements ; DSP 9x9 ; DSP 18x18 ; Pins ; Virtual Pins ; Full Hierarchy Name                                ; Library Name ;
+----------------------------+-------------------+--------------+-------------+--------------+---------+-----------+------+--------------+----------------------------------------------------+--------------+
; |eight_bit_reg_shift_l     ; 8 (0)             ; 0 (0)        ; 0           ; 0            ; 0       ; 0         ; 19   ; 0            ; |eight_bit_reg_shift_l                             ; work         ;
;    |D_FF:U7|               ; 1 (0)             ; 0 (0)        ; 0           ; 0            ; 0       ; 0         ; 0    ; 0            ; |eight_bit_reg_shift_l|D_FF:U7                     ; work         ;
;       |srLatch:U1|         ; 1 (1)             ; 0 (0)        ; 0           ; 0            ; 0       ; 0         ; 0    ; 0            ; |eight_bit_reg_shift_l|D_FF:U7|srLatch:U1          ; work         ;
;    |D_FF:\loop0:0:Un|      ; 1 (0)             ; 0 (0)        ; 0           ; 0            ; 0       ; 0         ; 0    ; 0            ; |eight_bit_reg_shift_l|D_FF:\loop0:0:Un            ; work         ;
;       |srLatch:U1|         ; 1 (1)             ; 0 (0)        ; 0           ; 0            ; 0       ; 0         ; 0    ; 0            ; |eight_bit_reg_shift_l|D_FF:\loop0:0:Un|srLatch:U1 ; work         ;
;    |D_FF:\loop0:1:Un|      ; 1 (0)             ; 0 (0)        ; 0           ; 0            ; 0       ; 0         ; 0    ; 0            ; |eight_bit_reg_shift_l|D_FF:\loop0:1:Un            ; work         ;
;       |srLatch:U1|         ; 1 (1)             ; 0 (0)        ; 0           ; 0            ; 0       ; 0         ; 0    ; 0            ; |eight_bit_reg_shift_l|D_FF:\loop0:1:Un|srLatch:U1 ; work         ;
;    |D_FF:\loop0:2:Un|      ; 1 (0)             ; 0 (0)        ; 0           ; 0            ; 0       ; 0         ; 0    ; 0            ; |eight_bit_reg_shift_l|D_FF:\loop0:2:Un            ; work         ;
;       |srLatch:U1|         ; 1 (1)             ; 0 (0)        ; 0           ; 0            ; 0       ; 0         ; 0    ; 0            ; |eight_bit_reg_shift_l|D_FF:\loop0:2:Un|srLatch:U1 ; work         ;
;    |D_FF:\loop0:3:Un|      ; 1 (0)             ; 0 (0)        ; 0           ; 0            ; 0       ; 0         ; 0    ; 0            ; |eight_bit_reg_shift_l|D_FF:\loop0:3:Un            ; work         ;
;       |srLatch:U1|         ; 1 (1)             ; 0 (0)        ; 0           ; 0            ; 0       ; 0         ; 0    ; 0            ; |eight_bit_reg_shift_l|D_FF:\loop0:3:Un|srLatch:U1 ; work         ;
;    |D_FF:\loop0:4:Un|      ; 1 (0)             ; 0 (0)        ; 0           ; 0            ; 0       ; 0         ; 0    ; 0            ; |eight_bit_reg_shift_l|D_FF:\loop0:4:Un            ; work         ;
;       |srLatch:U1|         ; 1 (1)             ; 0 (0)        ; 0           ; 0            ; 0       ; 0         ; 0    ; 0            ; |eight_bit_reg_shift_l|D_FF:\loop0:4:Un|srLatch:U1 ; work         ;
;    |D_FF:\loop0:5:Un|      ; 1 (0)             ; 0 (0)        ; 0           ; 0            ; 0       ; 0         ; 0    ; 0            ; |eight_bit_reg_shift_l|D_FF:\loop0:5:Un            ; work         ;
;       |srLatch:U1|         ; 1 (1)             ; 0 (0)        ; 0           ; 0            ; 0       ; 0         ; 0    ; 0            ; |eight_bit_reg_shift_l|D_FF:\loop0:5:Un|srLatch:U1 ; work         ;
;    |D_FF:\loop0:6:Un|      ; 1 (0)             ; 0 (0)        ; 0           ; 0            ; 0       ; 0         ; 0    ; 0            ; |eight_bit_reg_shift_l|D_FF:\loop0:6:Un            ; work         ;
;       |srLatch:U1|         ; 1 (1)             ; 0 (0)        ; 0           ; 0            ; 0       ; 0         ; 0    ; 0            ; |eight_bit_reg_shift_l|D_FF:\loop0:6:Un|srLatch:U1 ; work         ;
+----------------------------+-------------------+--------------+-------------+--------------+---------+-----------+------+--------------+----------------------------------------------------+--------------+
Note: For table entries with two numbers listed, the numbers in parentheses indicate the number of resources of the given type used by the specific entity alone. The numbers listed outside of parentheses indicate the total resources of the given type used by the specific entity and all of its sub-entities in the hierarchy.


+------------------------------------------------------------+
; Logic Cells Representing Combinational Loops               ;
+--------------------------------------------------------+---+
; Logic Cell Name                                        ;   ;
+--------------------------------------------------------+---+
; D_FF:\loop0:0:Un|srLatch:U1|o_q~0                      ;   ;
; D_FF:\loop0:1:Un|srLatch:U1|o_q~0                      ;   ;
; D_FF:\loop0:2:Un|srLatch:U1|o_q~0                      ;   ;
; D_FF:\loop0:3:Un|srLatch:U1|o_q~0                      ;   ;
; D_FF:\loop0:4:Un|srLatch:U1|o_q~0                      ;   ;
; D_FF:\loop0:5:Un|srLatch:U1|o_q~0                      ;   ;
; D_FF:\loop0:6:Un|srLatch:U1|o_q~0                      ;   ;
; D_FF:U7|srLatch:U1|o_q~0                               ;   ;
; Number of logic cells representing combinational loops ; 8 ;
+--------------------------------------------------------+---+
Note: All cells listed above may not be present at the end of synthesis due to various synthesis optimizations.


+------------------------------------------------------+
; General Register Statistics                          ;
+----------------------------------------------+-------+
; Statistic                                    ; Value ;
+----------------------------------------------+-------+
; Total registers                              ; 0     ;
; Number of registers using Synchronous Clear  ; 0     ;
; Number of registers using Synchronous Load   ; 0     ;
; Number of registers using Asynchronous Clear ; 0     ;
; Number of registers using Asynchronous Load  ; 0     ;
; Number of registers using Clock Enable       ; 0     ;
; Number of registers using Preset             ; 0     ;
+----------------------------------------------+-------+


+------------------------------------------------------------------------------------------------------------------+
; Port Connectivity Checks: "D_FF:\loop0:6:Un"                                                                     ;
+--------+--------+----------+-------------------------------------------------------------------------------------+
; Port   ; Type   ; Severity ; Details                                                                             ;
+--------+--------+----------+-------------------------------------------------------------------------------------+
; o_qbar ; Output ; Info     ; Connected to dangling logic. Logic that only feeds a dangling port will be removed. ;
+--------+--------+----------+-------------------------------------------------------------------------------------+


+------------------------------------------------------------------------------------------------------------------+
; Port Connectivity Checks: "D_FF:\loop0:5:Un"                                                                     ;
+--------+--------+----------+-------------------------------------------------------------------------------------+
; Port   ; Type   ; Severity ; Details                                                                             ;
+--------+--------+----------+-------------------------------------------------------------------------------------+
; o_qbar ; Output ; Info     ; Connected to dangling logic. Logic that only feeds a dangling port will be removed. ;
+--------+--------+----------+-------------------------------------------------------------------------------------+


+------------------------------------------------------------------------------------------------------------------+
; Port Connectivity Checks: "D_FF:\loop0:4:Un"                                                                     ;
+--------+--------+----------+-------------------------------------------------------------------------------------+
; Port   ; Type   ; Severity ; Details                                                                             ;
+--------+--------+----------+-------------------------------------------------------------------------------------+
; o_qbar ; Output ; Info     ; Connected to dangling logic. Logic that only feeds a dangling port will be removed. ;
+--------+--------+----------+-------------------------------------------------------------------------------------+


+------------------------------------------------------------------------------------------------------------------+
; Port Connectivity Checks: "D_FF:\loop0:3:Un"                                                                     ;
+--------+--------+----------+-------------------------------------------------------------------------------------+
; Port   ; Type   ; Severity ; Details                                                                             ;
+--------+--------+----------+-------------------------------------------------------------------------------------+
; o_qbar ; Output ; Info     ; Connected to dangling logic. Logic that only feeds a dangling port will be removed. ;
+--------+--------+----------+-------------------------------------------------------------------------------------+


+------------------------------------------------------------------------------------------------------------------+
; Port Connectivity Checks: "D_FF:\loop0:2:Un"                                                                     ;
+--------+--------+----------+-------------------------------------------------------------------------------------+
; Port   ; Type   ; Severity ; Details                                                                             ;
+--------+--------+----------+-------------------------------------------------------------------------------------+
; o_qbar ; Output ; Info     ; Connected to dangling logic. Logic that only feeds a dangling port will be removed. ;
+--------+--------+----------+-------------------------------------------------------------------------------------+


+------------------------------------------------------------------------------------------------------------------+
; Port Connectivity Checks: "D_FF:\loop0:1:Un"                                                                     ;
+--------+--------+----------+-------------------------------------------------------------------------------------+
; Port   ; Type   ; Severity ; Details                                                                             ;
+--------+--------+----------+-------------------------------------------------------------------------------------+
; o_qbar ; Output ; Info     ; Connected to dangling logic. Logic that only feeds a dangling port will be removed. ;
+--------+--------+----------+-------------------------------------------------------------------------------------+


+------------------------------------------------------------------------------------------------------------------+
; Port Connectivity Checks: "D_FF:\loop0:0:Un"                                                                     ;
+--------+--------+----------+-------------------------------------------------------------------------------------+
; Port   ; Type   ; Severity ; Details                                                                             ;
+--------+--------+----------+-------------------------------------------------------------------------------------+
; o_qbar ; Output ; Info     ; Connected to dangling logic. Logic that only feeds a dangling port will be removed. ;
+--------+--------+----------+-------------------------------------------------------------------------------------+


+------------------------------------------------------------------------------------------------------------------+
; Port Connectivity Checks: "D_FF:U7"                                                                              ;
+--------+--------+----------+-------------------------------------------------------------------------------------+
; Port   ; Type   ; Severity ; Details                                                                             ;
+--------+--------+----------+-------------------------------------------------------------------------------------+
; o_qbar ; Output ; Info     ; Connected to dangling logic. Logic that only feeds a dangling port will be removed. ;
+--------+--------+----------+-------------------------------------------------------------------------------------+


+-------------------------------+
; Elapsed Time Per Partition    ;
+----------------+--------------+
; Partition Name ; Elapsed Time ;
+----------------+--------------+
; Top            ; 00:00:00     ;
+----------------+--------------+


+-------------------------------+
; Analysis & Synthesis Messages ;
+-------------------------------+
Info: *******************************************************************
Info: Running Quartus II 64-Bit Analysis & Synthesis
    Info: Version 13.1.0 Build 162 10/23/2013 SJ Web Edition
    Info: Processing started: Wed Oct 02 21:33:29 2024
Info: Command: quartus_map --read_settings_files=on --write_settings_files=off ceg3155lab1 -c ceg3155lab1
Info (11104): Parallel Compilation has detected 20 hyper-threaded processors. However, the extra hyper-threaded processors will not be used by default. Parallel Compilation will use 14 of the 14 physical processors detected instead.
Info (12021): Found 2 design units, including 1 entities, in source file d_latch.vhd
    Info (12022): Found design unit 1: d_latch-struct
    Info (12023): Found entity 1: d_latch
Info (12021): Found 2 design units, including 1 entities, in source file d_flipflop.vhd
    Info (12022): Found design unit 1: d_flipflop-rtl
    Info (12023): Found entity 1: d_flipflop
Info (12021): Found 2 design units, including 1 entities, in source file displaycontroller.vhd
    Info (12022): Found design unit 1: displayController-structural
    Info (12023): Found entity 1: displayController
Info (12021): Found 2 design units, including 1 entities, in source file four_one_mux.vhd
    Info (12022): Found design unit 1: four_one_mux-structural
    Info (12023): Found entity 1: four_one_mux
Info (12021): Found 2 design units, including 1 entities, in source file eight_bit_reg_shift_r.vhd
    Info (12022): Found design unit 1: eight_bit_reg_shift_r-structural
    Info (12023): Found entity 1: eight_bit_reg_shift_r
Info (12021): Found 2 design units, including 1 entities, in source file eight_bit_reg_shift_l.vhd
    Info (12022): Found design unit 1: eight_bit_reg_shift_l-structural
    Info (12023): Found entity 1: eight_bit_reg_shift_l
Info (12021): Found 2 design units, including 1 entities, in source file eight_bit_reg.vhd
    Info (12022): Found design unit 1: eight_bit_reg-structural
    Info (12023): Found entity 1: eight_bit_reg
Info (12021): Found 2 design units, including 1 entities, in source file srlatch.vhd
    Info (12022): Found design unit 1: srLatch-rtl
    Info (12023): Found entity 1: srLatch
Info (12021): Found 2 design units, including 1 entities, in source file d_ff.vhd
    Info (12022): Found design unit 1: D_FF-structural
    Info (12023): Found entity 1: D_FF
Info (12021): Found 2 design units, including 1 entities, in source file testbench1.vhd
    Info (12022): Found design unit 1: testbench1-test
    Info (12023): Found entity 1: testbench1
Info (12127): Elaborating entity "eight_bit_reg_shift_l" for the top level hierarchy
Info (12128): Elaborating entity "D_FF" for hierarchy "D_FF:U7"
Info (12128): Elaborating entity "srLatch" for hierarchy "D_FF:U7|srLatch:U1"
Info (286030): Timing-Driven Synthesis is running
Info (16010): Generating hard_block partition "hard_block:auto_generated_inst"
    Info (16011): Adding 0 node(s), including 0 DDIO, 0 PLL, 0 transceiver and 0 LCELL
Warning (21074): Design contains 9 input pin(s) that do not drive logic
    Warning (15610): No output dependent on input pin "LD"
    Warning (15610): No output dependent on input pin "D_in[0]"
    Warning (15610): No output dependent on input pin "D_in[1]"
    Warning (15610): No output dependent on input pin "D_in[2]"
    Warning (15610): No output dependent on input pin "D_in[3]"
    Warning (15610): No output dependent on input pin "D_in[4]"
    Warning (15610): No output dependent on input pin "D_in[5]"
    Warning (15610): No output dependent on input pin "D_in[6]"
    Warning (15610): No output dependent on input pin "D_in[7]"
Info (21057): Implemented 27 device resources after synthesis - the final resource count might be different
    Info (21058): Implemented 11 input pins
    Info (21059): Implemented 8 output pins
    Info (21061): Implemented 8 logic cells
Info: Quartus II 64-Bit Analysis & Synthesis was successful. 0 errors, 10 warnings
    Info: Peak virtual memory: 4692 megabytes
    Info: Processing ended: Wed Oct 02 21:33:31 2024
    Info: Elapsed time: 00:00:02
    Info: Total CPU time (on all processors): 00:00:01


